Base path: E:/Unity/Editor/Data
Pipe name: \\.\pipe\UnityShaderCompiler-64bit-1-5784
Cmd: getPlatforms
Cmd: compileSnippet
  api=4 type=0 insize=141004 outsize=3525 kw=DIRECTIONAL SHADOWS_OFF LIGHTMAP_OFF DIRLIGHTMAP_COMBINED DYNAMICLIGHTMAP_ON _TERRAIN_OVERRIDE_SMOOTHNESS ok=1
Cmd: compileSnippet
  api=4 type=1 insize=141004 outsize=11788 kw=DIRECTIONAL SHADOWS_OFF LIGHTMAP_OFF DIRLIGHTMAP_COMBINED DYNAMICLIGHTMAP_ON _TERRAIN_OVERRIDE_SMOOTHNESS ok=1
Cmd: compileSnippet
  api=4 type=0 insize=7502 outsize=5857 kw=DIRECTIONAL SHADOWS_OFF LIGHTMAP_OFF DIRLIGHTMAP_COMBINED DYNAMICLIGHTMAP_ON ok=1
Cmd: compileSnippet
  api=4 type=1 insize=7502 outsize=2355 kw=DIRECTIONAL SHADOWS_OFF LIGHTMAP_OFF DIRLIGHTMAP_COMBINED DYNAMICLIGHTMAP_ON ok=1
Cmd: compileSnippet
  api=4 type=0 insize=141004 outsize=3915 kw=DIRECTIONAL SHADOWS_SCREEN LIGHTMAP_OFF DIRLIGHTMAP_COMBINED DYNAMICLIGHTMAP_ON _TERRAIN_OVERRIDE_SMOOTHNESS ok=1
Cmd: compileSnippet
  api=4 type=1 insize=141004 outsize=12097 kw=DIRECTIONAL SHADOWS_SCREEN LIGHTMAP_OFF DIRLIGHTMAP_COMBINED DYNAMICLIGHTMAP_ON _TERRAIN_OVERRIDE_SMOOTHNESS ok=1
Cmd: compileSnippet
  api=4 type=0 insize=7502 outsize=6303 kw=DIRECTIONAL SHADOWS_SCREEN LIGHTMAP_OFF DIRLIGHTMAP_COMBINED DYNAMICLIGHTMAP_ON ok=1
Cmd: compileSnippet
  api=4 type=1 insize=7502 outsize=2672 kw=DIRECTIONAL SHADOWS_SCREEN LIGHTMAP_OFF DIRLIGHTMAP_COMBINED DYNAMICLIGHTMAP_ON ok=1
Cmd: compileSnippet
  api=4 type=0 insize=10255 outsize=2818 kw=WATER_VERTEX_DISPLACEMENT_OFF WATER_SIMPLE WATER_EDGEBLEND_ON ok=1
Cmd: compileSnippet
  api=4 type=1 insize=10255 outsize=5751 kw=WATER_VERTEX_DISPLACEMENT_OFF WATER_SIMPLE WATER_EDGEBLEND_ON ok=1
